<?xml version="1.0" encoding="utf-8"?>
<coverage line-rate="0.6890000000000001" branch-rate="0.534" version="1.9" timestamp="1649879794" lines-covered="164" lines-valid="238" branches-covered="47" branches-valid="88">
  <sources>
    <source>/Users/danylomoskaliuk/Projects/LinkedList-Implementation/CustomLinkedListLib/</source>
  </sources>
  <packages>
    <package name="CustomLinkedListLib" line-rate="0.6890000000000001" branch-rate="0.534" complexity="102">
      <classes>
        <class name="CustomLinkedListLib.CustomLinkedList`1" filename="CustomLinkedList.cs" line-rate="0.7524" branch-rate="0.5595" complexity="92">
          <methods>
            <method name="get_First" signature="()" line-rate="1" branch-rate="1" complexity="1">
              <lines>
                <line number="15" hits="147" branch="False" />
              </lines>
            </method>
            <method name="get_Last" signature="()" line-rate="1" branch-rate="1" complexity="1">
              <lines>
                <line number="17" hits="198" branch="False" />
              </lines>
            </method>
            <method name="get_Count" signature="()" line-rate="1" branch-rate="1" complexity="1">
              <lines>
                <line number="19" hits="180" branch="False" />
              </lines>
            </method>
            <method name="get_IsEmpty" signature="()" line-rate="0" branch-rate="1" complexity="1">
              <lines>
                <line number="23" hits="0" branch="False" />
              </lines>
            </method>
            <method name="get_IsReadOnly" signature="()" line-rate="0" branch-rate="1" complexity="1">
              <lines>
                <line number="28" hits="0" branch="False" />
              </lines>
            </method>
            <method name="AddFirst" signature="(T)" line-rate="1" branch-rate="0.75" complexity="4">
              <lines>
                <line number="39" hits="12" branch="False" />
                <line number="40" hits="12" branch="False" />
                <line number="42" hits="12" branch="True" condition-coverage="100% (2/2)">
                  <conditions>
                    <condition number="19" type="jump" coverage="100%" />
                  </conditions>
                </line>
                <line number="43" hits="10" branch="False" />
                <line number="44" hits="10" branch="False" />
                <line number="45" hits="10" branch="False" />
                <line number="46" hits="10" branch="False" />
                <line number="47" hits="10" branch="False" />
                <line number="48" hits="10" branch="False" />
                <line number="50" hits="2" branch="False" />
                <line number="51" hits="2" branch="False" />
                <line number="52" hits="2" branch="False" />
                <line number="53" hits="2" branch="False" />
                <line number="55" hits="12" branch="True" condition-coverage="50% (1/2)">
                  <conditions>
                    <condition number="86" type="jump" coverage="50%" />
                  </conditions>
                </line>
                <line number="56" hits="12" branch="False" />
                <line number="58" hits="12" branch="False" />
                <line number="59" hits="12" branch="False" />
              </lines>
            </method>
            <method name="AddLast" signature="(T)" line-rate="1" branch-rate="0.75" complexity="4">
              <lines>
                <line number="62" hits="64" branch="False" />
                <line number="63" hits="64" branch="False" />
                <line number="65" hits="64" branch="True" condition-coverage="100% (2/2)">
                  <conditions>
                    <condition number="19" type="jump" coverage="100%" />
                  </conditions>
                </line>
                <line number="66" hits="12" branch="False" />
                <line number="67" hits="12" branch="False" />
                <line number="68" hits="12" branch="False" />
                <line number="70" hits="52" branch="False" />
                <line number="71" hits="52" branch="False" />
                <line number="72" hits="52" branch="False" />
                <line number="73" hits="52" branch="False" />
                <line number="75" hits="64" branch="True" condition-coverage="50% (1/2)">
                  <conditions>
                    <condition number="68" type="jump" coverage="50%" />
                  </conditions>
                </line>
                <line number="76" hits="64" branch="False" />
                <line number="77" hits="64" branch="False" />
                <line number="79" hits="64" branch="False" />
                <line number="80" hits="64" branch="False" />
              </lines>
            </method>
            <method name="AddBefore" signature="(CustomLinkedListLib.ListNode`1&lt;T&gt;,T)" line-rate="0.6956" branch-rate="0.5" complexity="12">
              <lines>
                <line number="85" hits="1" branch="False" />
                <line number="86" hits="1" branch="True" condition-coverage="50% (1/2)">
                  <conditions>
                    <condition number="7" type="jump" coverage="50%" />
                  </conditions>
                </line>
                <line number="87" hits="0" branch="False" />
                <line number="89" hits="1" branch="True" condition-coverage="50% (2/4)">
                  <conditions>
                    <condition number="21" type="jump" coverage="50%" />
                    <condition number="37" type="jump" coverage="50%" />
                  </conditions>
                </line>
                <line number="90" hits="0" branch="False" />
                <line number="92" hits="1" branch="True" condition-coverage="50% (1/2)">
                  <conditions>
                    <condition number="57" type="jump" coverage="50%" />
                  </conditions>
                </line>
                <line number="93" hits="0" branch="False" />
                <line number="95" hits="1" branch="False" />
                <line number="98" hits="1" branch="True" condition-coverage="50% (1/2)">
                  <conditions>
                    <condition number="85" type="jump" coverage="50%" />
                  </conditions>
                </line>
                <line number="99" hits="0" branch="False" />
                <line number="100" hits="0" branch="False" />
                <line number="101" hits="0" branch="False" />
                <line number="102" hits="0" branch="False" />
                <line number="104" hits="1" branch="False" />
                <line number="105" hits="1" branch="False" />
                <line number="106" hits="1" branch="False" />
                <line number="108" hits="1" branch="False" />
                <line number="109" hits="1" branch="False" />
                <line number="110" hits="1" branch="False" />
                <line number="112" hits="1" branch="True" condition-coverage="50% (1/2)">
                  <conditions>
                    <condition number="158" type="jump" coverage="50%" />
                  </conditions>
                </line>
                <line number="113" hits="1" branch="False" />
                <line number="115" hits="1" branch="False" />
                <line number="116" hits="1" branch="False" />
              </lines>
            </method>
            <method name="AddAfter" signature="(CustomLinkedListLib.ListNode`1&lt;T&gt;,T)" line-rate="0.6956" branch-rate="0.5" complexity="12">
              <lines>
                <line number="121" hits="1" branch="False" />
                <line number="122" hits="1" branch="True" condition-coverage="50% (1/2)">
                  <conditions>
                    <condition number="7" type="jump" coverage="50%" />
                  </conditions>
                </line>
                <line number="123" hits="0" branch="False" />
                <line number="125" hits="1" branch="True" condition-coverage="50% (2/4)">
                  <conditions>
                    <condition number="21" type="jump" coverage="50%" />
                    <condition number="37" type="jump" coverage="50%" />
                  </conditions>
                </line>
                <line number="126" hits="0" branch="False" />
                <line number="128" hits="1" branch="True" condition-coverage="50% (1/2)">
                  <conditions>
                    <condition number="57" type="jump" coverage="50%" />
                  </conditions>
                </line>
                <line number="129" hits="0" branch="False" />
                <line number="131" hits="1" branch="False" />
                <line number="134" hits="1" branch="True" condition-coverage="50% (1/2)">
                  <conditions>
                    <condition number="85" type="jump" coverage="50%" />
                  </conditions>
                </line>
                <line number="135" hits="0" branch="False" />
                <line number="136" hits="0" branch="False" />
                <line number="137" hits="0" branch="False" />
                <line number="138" hits="0" branch="False" />
                <line number="140" hits="1" branch="False" />
                <line number="141" hits="1" branch="False" />
                <line number="142" hits="1" branch="False" />
                <line number="144" hits="1" branch="False" />
                <line number="145" hits="1" branch="False" />
                <line number="146" hits="1" branch="False" />
                <line number="148" hits="1" branch="True" condition-coverage="50% (1/2)">
                  <conditions>
                    <condition number="158" type="jump" coverage="50%" />
                  </conditions>
                </line>
                <line number="149" hits="1" branch="False" />
                <line number="151" hits="1" branch="False" />
                <line number="152" hits="1" branch="False" />
              </lines>
            </method>
            <method name="Add" signature="(T)" line-rate="0" branch-rate="1" complexity="1">
              <lines>
                <line number="156" hits="0" branch="False" />
                <line number="157" hits="0" branch="False" />
                <line number="158" hits="0" branch="False" />
              </lines>
            </method>
            <method name="Remove" signature="(T)" line-rate="0.7666" branch-rate="0.6666" complexity="12">
              <lines>
                <line number="162" hits="1" branch="False" />
                <line number="163" hits="1" branch="False" />
                <line number="166" hits="4" branch="True" condition-coverage="100% (2/2)">
                  <conditions>
                    <condition number="58" type="jump" coverage="100%" />
                  </conditions>
                </line>
                <line number="167" hits="4" branch="False" />
                <line number="168" hits="4" branch="True" condition-coverage="100% (2/2)">
                  <conditions>
                    <condition number="39" type="jump" coverage="100%" />
                  </conditions>
                </line>
                <line number="169" hits="1" branch="False" />
                <line number="170" hits="1" branch="False" />
                <line number="172" hits="3" branch="False" />
                <line number="173" hits="3" branch="False" />
                <line number="176" hits="1" branch="True" condition-coverage="50% (1/2)">
                  <conditions>
                    <condition number="68" type="jump" coverage="50%" />
                  </conditions>
                </line>
                <line number="177" hits="1" branch="False" />
                <line number="179" hits="1" branch="True" condition-coverage="50% (1/2)">
                  <conditions>
                    <condition number="87" type="jump" coverage="50%" />
                  </conditions>
                </line>
                <line number="180" hits="1" branch="False" />
                <line number="181" hits="1" branch="False" />
                <line number="182" hits="1" branch="False" />
                <line number="184" hits="0" branch="False" />
                <line number="185" hits="0" branch="False" />
                <line number="186" hits="0" branch="False" />
                <line number="189" hits="1" branch="True" condition-coverage="50% (1/2)">
                  <conditions>
                    <condition number="139" type="jump" coverage="50%" />
                  </conditions>
                </line>
                <line number="190" hits="1" branch="False" />
                <line number="191" hits="1" branch="False" />
                <line number="192" hits="1" branch="False" />
                <line number="194" hits="0" branch="False" />
                <line number="195" hits="0" branch="False" />
                <line number="196" hits="0" branch="False" />
                <line number="198" hits="1" branch="True" condition-coverage="50% (1/2)">
                  <conditions>
                    <condition number="185" type="jump" coverage="50%" />
                  </conditions>
                </line>
                <line number="199" hits="1" branch="False" />
                <line number="200" hits="1" branch="False" />
                <line number="203" hits="0" branch="False" />
                <line number="204" hits="1" branch="False" />
              </lines>
            </method>
            <method name="RemoveFirst" signature="()" line-rate="0.8" branch-rate="0.5" complexity="6">
              <lines>
                <line number="208" hits="1" branch="False" />
                <line number="209" hits="1" branch="True" condition-coverage="50% (1/2)">
                  <conditions>
                    <condition number="12" type="jump" coverage="50%" />
                  </conditions>
                </line>
                <line number="210" hits="0" branch="False" />
                <line number="211" hits="0" branch="False" />
                <line number="214" hits="1" branch="True" condition-coverage="50% (1/2)">
                  <conditions>
                    <condition number="26" type="jump" coverage="50%" />
                  </conditions>
                </line>
                <line number="215" hits="1" branch="False" />
                <line number="216" hits="1" branch="True" condition-coverage="50% (1/2)">
                  <conditions>
                    <condition number="79" type="jump" coverage="50%" />
                  </conditions>
                </line>
                <line number="218" hits="1" branch="False" />
                <line number="219" hits="1" branch="False" />
                <line number="220" hits="1" branch="False" />
              </lines>
            </method>
            <method name="RemoveLast" signature="()" line-rate="0.8" branch-rate="0.5" complexity="6">
              <lines>
                <line number="224" hits="1" branch="False" />
                <line number="225" hits="1" branch="True" condition-coverage="50% (1/2)">
                  <conditions>
                    <condition number="12" type="jump" coverage="50%" />
                  </conditions>
                </line>
                <line number="226" hits="0" branch="False" />
                <line number="227" hits="0" branch="False" />
                <line number="230" hits="1" branch="True" condition-coverage="50% (1/2)">
                  <conditions>
                    <condition number="26" type="jump" coverage="50%" />
                  </conditions>
                </line>
                <line number="231" hits="1" branch="False" />
                <line number="232" hits="1" branch="True" condition-coverage="50% (1/2)">
                  <conditions>
                    <condition number="79" type="jump" coverage="50%" />
                  </conditions>
                </line>
                <line number="234" hits="1" branch="False" />
                <line number="235" hits="1" branch="False" />
                <line number="236" hits="1" branch="False" />
              </lines>
            </method>
            <method name="Find" signature="(T)" line-rate="0.9" branch-rate="0.75" complexity="4">
              <lines>
                <line number="240" hits="1" branch="False" />
                <line number="241" hits="1" branch="False" />
                <line number="243" hits="5" branch="True" condition-coverage="50% (1/2)">
                  <conditions>
                    <condition number="61" type="jump" coverage="50%" />
                  </conditions>
                </line>
                <line number="244" hits="5" branch="False" />
                <line number="245" hits="5" branch="True" condition-coverage="100% (2/2)">
                  <conditions>
                    <condition number="39" type="jump" coverage="100%" />
                  </conditions>
                </line>
                <line number="246" hits="1" branch="False" />
                <line number="247" hits="4" branch="False" />
                <line number="248" hits="4" branch="False" />
                <line number="250" hits="0" branch="False" />
                <line number="251" hits="1" branch="False" />
              </lines>
            </method>
            <method name="FindLast" signature="(T)" line-rate="0.7" branch-rate="0.5" complexity="4">
              <lines>
                <line number="255" hits="1" branch="False" />
                <line number="256" hits="1" branch="False" />
                <line number="258" hits="1" branch="True" condition-coverage="50% (1/2)">
                  <conditions>
                    <condition number="61" type="jump" coverage="50%" />
                  </conditions>
                </line>
                <line number="259" hits="1" branch="False" />
                <line number="260" hits="1" branch="True" condition-coverage="50% (1/2)">
                  <conditions>
                    <condition number="39" type="jump" coverage="50%" />
                  </conditions>
                </line>
                <line number="261" hits="1" branch="False" />
                <line number="262" hits="0" branch="False" />
                <line number="263" hits="0" branch="False" />
                <line number="265" hits="0" branch="False" />
                <line number="266" hits="1" branch="False" />
              </lines>
            </method>
            <method name="Clear" signature="()" line-rate="1" branch-rate="0.5" complexity="2">
              <lines>
                <line number="269" hits="1" branch="False" />
                <line number="270" hits="1" branch="False" />
                <line number="271" hits="1" branch="False" />
                <line number="272" hits="1" branch="False" />
                <line number="274" hits="1" branch="True" condition-coverage="50% (1/2)">
                  <conditions>
                    <condition number="32" type="jump" coverage="50%" />
                  </conditions>
                </line>
                <line number="275" hits="1" branch="False" />
              </lines>
            </method>
            <method name="Contains" signature="(T)" line-rate="1" branch-rate="1" complexity="4">
              <lines>
                <line number="278" hits="2" branch="False" />
                <line number="279" hits="2" branch="False" />
                <line number="281" hits="11" branch="True" condition-coverage="100% (2/2)">
                  <conditions>
                    <condition number="61" type="jump" coverage="100%" />
                  </conditions>
                </line>
                <line number="282" hits="10" branch="False" />
                <line number="283" hits="10" branch="True" condition-coverage="100% (2/2)">
                  <conditions>
                    <condition number="39" type="jump" coverage="100%" />
                  </conditions>
                </line>
                <line number="284" hits="1" branch="False" />
                <line number="285" hits="9" branch="False" />
                <line number="286" hits="9" branch="False" />
                <line number="288" hits="1" branch="False" />
                <line number="289" hits="2" branch="False" />
              </lines>
            </method>
            <method name="ContainsNode" signature="(CustomLinkedListLib.ListNode`1&lt;T&gt;)" line-rate="0.9166" branch-rate="0.8332999999999999" complexity="6">
              <lines>
                <line number="292" hits="4" branch="False" />
                <line number="293" hits="4" branch="True" condition-coverage="100% (2/2)">
                  <conditions>
                    <condition number="7" type="jump" coverage="100%" />
                  </conditions>
                </line>
                <line number="294" hits="1" branch="False" />
                <line number="296" hits="3" branch="False" />
                <line number="298" hits="8" branch="True" condition-coverage="50% (1/2)">
                  <conditions>
                    <condition number="53" type="jump" coverage="50%" />
                  </conditions>
                </line>
                <line number="299" hits="8" branch="False" />
                <line number="300" hits="8" branch="True" condition-coverage="100% (2/2)">
                  <conditions>
                    <condition number="31" type="jump" coverage="100%" />
                  </conditions>
                </line>
                <line number="301" hits="3" branch="False" />
                <line number="302" hits="5" branch="False" />
                <line number="303" hits="5" branch="False" />
                <line number="305" hits="0" branch="False" />
                <line number="306" hits="3" branch="False" />
              </lines>
            </method>
            <method name="CopyTo" signature="(T[],System.Int32)" line-rate="0" branch-rate="0" complexity="8">
              <lines>
                <line number="311" hits="0" branch="False" />
                <line number="312" hits="0" branch="True" condition-coverage="0% (0/2)">
                  <conditions>
                    <condition number="7" type="jump" coverage="0%" />
                  </conditions>
                </line>
                <line number="313" hits="0" branch="False" />
                <line number="315" hits="0" branch="True" condition-coverage="0% (0/2)">
                  <conditions>
                    <condition number="21" type="jump" coverage="0%" />
                  </conditions>
                </line>
                <line number="316" hits="0" branch="False" />
                <line number="318" hits="0" branch="True" condition-coverage="0% (0/2)">
                  <conditions>
                    <condition number="44" type="jump" coverage="0%" />
                  </conditions>
                </line>
                <line number="319" hits="0" branch="False" />
                <line number="321" hits="0" branch="True" condition-coverage="0% (0/2)">
                  <conditions>
                    <condition number="92" type="jump" coverage="0%" />
                  </conditions>
                </line>
                <line number="322" hits="0" branch="False" />
                <line number="323" hits="0" branch="False" />
                <line number="324" hits="0" branch="False" />
                <line number="325" hits="0" branch="False" />
                <line number="326" hits="0" branch="False" />
              </lines>
            </method>
            <method name="System.Collections.IEnumerable.GetEnumerator" signature="()" line-rate="0" branch-rate="1" complexity="1">
              <lines>
                <line number="339" hits="0" branch="False" />
                <line number="340" hits="0" branch="False" />
                <line number="341" hits="0" branch="False" />
              </lines>
            </method>
            <method name=".ctor" signature="()" line-rate="1" branch-rate="1" complexity="1">
              <lines>
                <line number="31" hits="14" branch="False" />
                <line number="32" hits="14" branch="False" />
                <line number="33" hits="14" branch="False" />
                <line number="34" hits="14" branch="False" />
                <line number="35" hits="14" branch="False" />
                <line number="36" hits="14" branch="False" />
              </lines>
            </method>
          </methods>
          <lines>
            <line number="15" hits="147" branch="False" />
            <line number="17" hits="198" branch="False" />
            <line number="19" hits="180" branch="False" />
            <line number="23" hits="0" branch="False" />
            <line number="28" hits="0" branch="False" />
            <line number="39" hits="12" branch="False" />
            <line number="40" hits="12" branch="False" />
            <line number="42" hits="12" branch="True" condition-coverage="100% (2/2)">
              <conditions>
                <condition number="19" type="jump" coverage="100%" />
              </conditions>
            </line>
            <line number="43" hits="10" branch="False" />
            <line number="44" hits="10" branch="False" />
            <line number="45" hits="10" branch="False" />
            <line number="46" hits="10" branch="False" />
            <line number="47" hits="10" branch="False" />
            <line number="48" hits="10" branch="False" />
            <line number="50" hits="2" branch="False" />
            <line number="51" hits="2" branch="False" />
            <line number="52" hits="2" branch="False" />
            <line number="53" hits="2" branch="False" />
            <line number="55" hits="12" branch="True" condition-coverage="50% (1/2)">
              <conditions>
                <condition number="86" type="jump" coverage="50%" />
              </conditions>
            </line>
            <line number="56" hits="12" branch="False" />
            <line number="58" hits="12" branch="False" />
            <line number="59" hits="12" branch="False" />
            <line number="62" hits="64" branch="False" />
            <line number="63" hits="64" branch="False" />
            <line number="65" hits="64" branch="True" condition-coverage="100% (2/2)">
              <conditions>
                <condition number="19" type="jump" coverage="100%" />
              </conditions>
            </line>
            <line number="66" hits="12" branch="False" />
            <line number="67" hits="12" branch="False" />
            <line number="68" hits="12" branch="False" />
            <line number="70" hits="52" branch="False" />
            <line number="71" hits="52" branch="False" />
            <line number="72" hits="52" branch="False" />
            <line number="73" hits="52" branch="False" />
            <line number="75" hits="64" branch="True" condition-coverage="50% (1/2)">
              <conditions>
                <condition number="68" type="jump" coverage="50%" />
              </conditions>
            </line>
            <line number="76" hits="64" branch="False" />
            <line number="77" hits="64" branch="False" />
            <line number="79" hits="64" branch="False" />
            <line number="80" hits="64" branch="False" />
            <line number="85" hits="1" branch="False" />
            <line number="86" hits="1" branch="True" condition-coverage="50% (1/2)">
              <conditions>
                <condition number="7" type="jump" coverage="50%" />
              </conditions>
            </line>
            <line number="87" hits="0" branch="False" />
            <line number="89" hits="1" branch="True" condition-coverage="50% (2/4)">
              <conditions>
                <condition number="21" type="jump" coverage="50%" />
                <condition number="37" type="jump" coverage="50%" />
              </conditions>
            </line>
            <line number="90" hits="0" branch="False" />
            <line number="92" hits="1" branch="True" condition-coverage="50% (1/2)">
              <conditions>
                <condition number="57" type="jump" coverage="50%" />
              </conditions>
            </line>
            <line number="93" hits="0" branch="False" />
            <line number="95" hits="1" branch="False" />
            <line number="98" hits="1" branch="True" condition-coverage="50% (1/2)">
              <conditions>
                <condition number="85" type="jump" coverage="50%" />
              </conditions>
            </line>
            <line number="99" hits="0" branch="False" />
            <line number="100" hits="0" branch="False" />
            <line number="101" hits="0" branch="False" />
            <line number="102" hits="0" branch="False" />
            <line number="104" hits="1" branch="False" />
            <line number="105" hits="1" branch="False" />
            <line number="106" hits="1" branch="False" />
            <line number="108" hits="1" branch="False" />
            <line number="109" hits="1" branch="False" />
            <line number="110" hits="1" branch="False" />
            <line number="112" hits="1" branch="True" condition-coverage="50% (1/2)">
              <conditions>
                <condition number="158" type="jump" coverage="50%" />
              </conditions>
            </line>
            <line number="113" hits="1" branch="False" />
            <line number="115" hits="1" branch="False" />
            <line number="116" hits="1" branch="False" />
            <line number="121" hits="1" branch="False" />
            <line number="122" hits="1" branch="True" condition-coverage="50% (1/2)">
              <conditions>
                <condition number="7" type="jump" coverage="50%" />
              </conditions>
            </line>
            <line number="123" hits="0" branch="False" />
            <line number="125" hits="1" branch="True" condition-coverage="50% (2/4)">
              <conditions>
                <condition number="21" type="jump" coverage="50%" />
                <condition number="37" type="jump" coverage="50%" />
              </conditions>
            </line>
            <line number="126" hits="0" branch="False" />
            <line number="128" hits="1" branch="True" condition-coverage="50% (1/2)">
              <conditions>
                <condition number="57" type="jump" coverage="50%" />
              </conditions>
            </line>
            <line number="129" hits="0" branch="False" />
            <line number="131" hits="1" branch="False" />
            <line number="134" hits="1" branch="True" condition-coverage="50% (1/2)">
              <conditions>
                <condition number="85" type="jump" coverage="50%" />
              </conditions>
            </line>
            <line number="135" hits="0" branch="False" />
            <line number="136" hits="0" branch="False" />
            <line number="137" hits="0" branch="False" />
            <line number="138" hits="0" branch="False" />
            <line number="140" hits="1" branch="False" />
            <line number="141" hits="1" branch="False" />
            <line number="142" hits="1" branch="False" />
            <line number="144" hits="1" branch="False" />
            <line number="145" hits="1" branch="False" />
            <line number="146" hits="1" branch="False" />
            <line number="148" hits="1" branch="True" condition-coverage="50% (1/2)">
              <conditions>
                <condition number="158" type="jump" coverage="50%" />
              </conditions>
            </line>
            <line number="149" hits="1" branch="False" />
            <line number="151" hits="1" branch="False" />
            <line number="152" hits="1" branch="False" />
            <line number="156" hits="0" branch="False" />
            <line number="157" hits="0" branch="False" />
            <line number="158" hits="0" branch="False" />
            <line number="162" hits="1" branch="False" />
            <line number="163" hits="1" branch="False" />
            <line number="166" hits="4" branch="True" condition-coverage="100% (2/2)">
              <conditions>
                <condition number="58" type="jump" coverage="100%" />
              </conditions>
            </line>
            <line number="167" hits="4" branch="False" />
            <line number="168" hits="4" branch="True" condition-coverage="100% (2/2)">
              <conditions>
                <condition number="39" type="jump" coverage="100%" />
              </conditions>
            </line>
            <line number="169" hits="1" branch="False" />
            <line number="170" hits="1" branch="False" />
            <line number="172" hits="3" branch="False" />
            <line number="173" hits="3" branch="False" />
            <line number="176" hits="1" branch="True" condition-coverage="50% (1/2)">
              <conditions>
                <condition number="68" type="jump" coverage="50%" />
              </conditions>
            </line>
            <line number="177" hits="1" branch="False" />
            <line number="179" hits="1" branch="True" condition-coverage="50% (1/2)">
              <conditions>
                <condition number="87" type="jump" coverage="50%" />
              </conditions>
            </line>
            <line number="180" hits="1" branch="False" />
            <line number="181" hits="1" branch="False" />
            <line number="182" hits="1" branch="False" />
            <line number="184" hits="0" branch="False" />
            <line number="185" hits="0" branch="False" />
            <line number="186" hits="0" branch="False" />
            <line number="189" hits="1" branch="True" condition-coverage="50% (1/2)">
              <conditions>
                <condition number="139" type="jump" coverage="50%" />
              </conditions>
            </line>
            <line number="190" hits="1" branch="False" />
            <line number="191" hits="1" branch="False" />
            <line number="192" hits="1" branch="False" />
            <line number="194" hits="0" branch="False" />
            <line number="195" hits="0" branch="False" />
            <line number="196" hits="0" branch="False" />
            <line number="198" hits="1" branch="True" condition-coverage="50% (1/2)">
              <conditions>
                <condition number="185" type="jump" coverage="50%" />
              </conditions>
            </line>
            <line number="199" hits="1" branch="False" />
            <line number="200" hits="1" branch="False" />
            <line number="203" hits="0" branch="False" />
            <line number="204" hits="1" branch="False" />
            <line number="208" hits="1" branch="False" />
            <line number="209" hits="1" branch="True" condition-coverage="50% (1/2)">
              <conditions>
                <condition number="12" type="jump" coverage="50%" />
              </conditions>
            </line>
            <line number="210" hits="0" branch="False" />
            <line number="211" hits="0" branch="False" />
            <line number="214" hits="1" branch="True" condition-coverage="50% (1/2)">
              <conditions>
                <condition number="26" type="jump" coverage="50%" />
              </conditions>
            </line>
            <line number="215" hits="1" branch="False" />
            <line number="216" hits="1" branch="True" condition-coverage="50% (1/2)">
              <conditions>
                <condition number="79" type="jump" coverage="50%" />
              </conditions>
            </line>
            <line number="218" hits="1" branch="False" />
            <line number="219" hits="1" branch="False" />
            <line number="220" hits="1" branch="False" />
            <line number="224" hits="1" branch="False" />
            <line number="225" hits="1" branch="True" condition-coverage="50% (1/2)">
              <conditions>
                <condition number="12" type="jump" coverage="50%" />
              </conditions>
            </line>
            <line number="226" hits="0" branch="False" />
            <line number="227" hits="0" branch="False" />
            <line number="230" hits="1" branch="True" condition-coverage="50% (1/2)">
              <conditions>
                <condition number="26" type="jump" coverage="50%" />
              </conditions>
            </line>
            <line number="231" hits="1" branch="False" />
            <line number="232" hits="1" branch="True" condition-coverage="50% (1/2)">
              <conditions>
                <condition number="79" type="jump" coverage="50%" />
              </conditions>
            </line>
            <line number="234" hits="1" branch="False" />
            <line number="235" hits="1" branch="False" />
            <line number="236" hits="1" branch="False" />
            <line number="240" hits="1" branch="False" />
            <line number="241" hits="1" branch="False" />
            <line number="243" hits="5" branch="True" condition-coverage="50% (1/2)">
              <conditions>
                <condition number="61" type="jump" coverage="50%" />
              </conditions>
            </line>
            <line number="244" hits="5" branch="False" />
            <line number="245" hits="5" branch="True" condition-coverage="100% (2/2)">
              <conditions>
                <condition number="39" type="jump" coverage="100%" />
              </conditions>
            </line>
            <line number="246" hits="1" branch="False" />
            <line number="247" hits="4" branch="False" />
            <line number="248" hits="4" branch="False" />
            <line number="250" hits="0" branch="False" />
            <line number="251" hits="1" branch="False" />
            <line number="255" hits="1" branch="False" />
            <line number="256" hits="1" branch="False" />
            <line number="258" hits="1" branch="True" condition-coverage="50% (1/2)">
              <conditions>
                <condition number="61" type="jump" coverage="50%" />
              </conditions>
            </line>
            <line number="259" hits="1" branch="False" />
            <line number="260" hits="1" branch="True" condition-coverage="50% (1/2)">
              <conditions>
                <condition number="39" type="jump" coverage="50%" />
              </conditions>
            </line>
            <line number="261" hits="1" branch="False" />
            <line number="262" hits="0" branch="False" />
            <line number="263" hits="0" branch="False" />
            <line number="265" hits="0" branch="False" />
            <line number="266" hits="1" branch="False" />
            <line number="269" hits="1" branch="False" />
            <line number="270" hits="1" branch="False" />
            <line number="271" hits="1" branch="False" />
            <line number="272" hits="1" branch="False" />
            <line number="274" hits="1" branch="True" condition-coverage="50% (1/2)">
              <conditions>
                <condition number="32" type="jump" coverage="50%" />
              </conditions>
            </line>
            <line number="275" hits="1" branch="False" />
            <line number="278" hits="2" branch="False" />
            <line number="279" hits="2" branch="False" />
            <line number="281" hits="11" branch="True" condition-coverage="100% (2/2)">
              <conditions>
                <condition number="61" type="jump" coverage="100%" />
              </conditions>
            </line>
            <line number="282" hits="10" branch="False" />
            <line number="283" hits="10" branch="True" condition-coverage="100% (2/2)">
              <conditions>
                <condition number="39" type="jump" coverage="100%" />
              </conditions>
            </line>
            <line number="284" hits="1" branch="False" />
            <line number="285" hits="9" branch="False" />
            <line number="286" hits="9" branch="False" />
            <line number="288" hits="1" branch="False" />
            <line number="289" hits="2" branch="False" />
            <line number="292" hits="4" branch="False" />
            <line number="293" hits="4" branch="True" condition-coverage="100% (2/2)">
              <conditions>
                <condition number="7" type="jump" coverage="100%" />
              </conditions>
            </line>
            <line number="294" hits="1" branch="False" />
            <line number="296" hits="3" branch="False" />
            <line number="298" hits="8" branch="True" condition-coverage="50% (1/2)">
              <conditions>
                <condition number="53" type="jump" coverage="50%" />
              </conditions>
            </line>
            <line number="299" hits="8" branch="False" />
            <line number="300" hits="8" branch="True" condition-coverage="100% (2/2)">
              <conditions>
                <condition number="31" type="jump" coverage="100%" />
              </conditions>
            </line>
            <line number="301" hits="3" branch="False" />
            <line number="302" hits="5" branch="False" />
            <line number="303" hits="5" branch="False" />
            <line number="305" hits="0" branch="False" />
            <line number="306" hits="3" branch="False" />
            <line number="311" hits="0" branch="False" />
            <line number="312" hits="0" branch="True" condition-coverage="0% (0/2)">
              <conditions>
                <condition number="7" type="jump" coverage="0%" />
              </conditions>
            </line>
            <line number="313" hits="0" branch="False" />
            <line number="315" hits="0" branch="True" condition-coverage="0% (0/2)">
              <conditions>
                <condition number="21" type="jump" coverage="0%" />
              </conditions>
            </line>
            <line number="316" hits="0" branch="False" />
            <line number="318" hits="0" branch="True" condition-coverage="0% (0/2)">
              <conditions>
                <condition number="44" type="jump" coverage="0%" />
              </conditions>
            </line>
            <line number="319" hits="0" branch="False" />
            <line number="321" hits="0" branch="True" condition-coverage="0% (0/2)">
              <conditions>
                <condition number="92" type="jump" coverage="0%" />
              </conditions>
            </line>
            <line number="322" hits="0" branch="False" />
            <line number="323" hits="0" branch="False" />
            <line number="324" hits="0" branch="False" />
            <line number="325" hits="0" branch="False" />
            <line number="326" hits="0" branch="False" />
            <line number="339" hits="0" branch="False" />
            <line number="340" hits="0" branch="False" />
            <line number="341" hits="0" branch="False" />
            <line number="31" hits="14" branch="False" />
            <line number="32" hits="14" branch="False" />
            <line number="33" hits="14" branch="False" />
            <line number="34" hits="14" branch="False" />
            <line number="35" hits="14" branch="False" />
            <line number="36" hits="14" branch="False" />
          </lines>
        </class>
        <class name="CustomLinkedListLib.CustomLinkedList`1/&lt;System-Collections-Generic-IEnumerable&lt;T&gt;-GetEnumerator&gt;d__40" filename="CustomLinkedList.cs" line-rate="0" branch-rate="0" complexity="2">
          <methods>
            <method name="MoveNext" signature="()" line-rate="0" branch-rate="0" complexity="2">
              <lines>
                <line number="329" hits="0" branch="False" />
                <line number="330" hits="0" branch="False" />
                <line number="331" hits="0" branch="True" condition-coverage="0% (0/2)">
                  <conditions>
                    <condition number="114" type="jump" coverage="0%" />
                  </conditions>
                </line>
                <line number="332" hits="0" branch="False" />
                <line number="333" hits="0" branch="False" />
                <line number="334" hits="0" branch="False" />
                <line number="335" hits="0" branch="False" />
                <line number="336" hits="0" branch="False" />
              </lines>
            </method>
          </methods>
          <lines>
            <line number="329" hits="0" branch="False" />
            <line number="330" hits="0" branch="False" />
            <line number="331" hits="0" branch="True" condition-coverage="0% (0/2)">
              <conditions>
                <condition number="114" type="jump" coverage="0%" />
              </conditions>
            </line>
            <line number="332" hits="0" branch="False" />
            <line number="333" hits="0" branch="False" />
            <line number="334" hits="0" branch="False" />
            <line number="335" hits="0" branch="False" />
            <line number="336" hits="0" branch="False" />
          </lines>
        </class>
        <class name="CustomLinkedListLib.ListNode`1" filename="ListNode.cs" line-rate="0.375" branch-rate="0" complexity="8">
          <methods>
            <method name="get_NextNode" signature="()" line-rate="1" branch-rate="1" complexity="1">
              <lines>
                <line number="5" hits="177" branch="False" />
              </lines>
            </method>
            <method name="get_Value" signature="()" line-rate="1" branch-rate="1" complexity="1">
              <lines>
                <line number="7" hits="104" branch="False" />
              </lines>
            </method>
            <method name="get_PreviousNode" signature="()" line-rate="1" branch-rate="1" complexity="1">
              <lines>
                <line number="9" hits="156" branch="False" />
              </lines>
            </method>
            <method name="ToString" signature="()" line-rate="0" branch-rate="0" complexity="2">
              <lines>
                <line number="33" hits="0" branch="False" />
                <line number="34" hits="0" branch="True" condition-coverage="0% (0/2)">
                  <conditions>
                    <condition number="19" type="jump" coverage="0%" />
                  </conditions>
                </line>
                <line number="35" hits="0" branch="False" />
              </lines>
            </method>
            <method name=".ctor" signature="()" line-rate="0" branch-rate="1" complexity="1">
              <lines>
                <line number="11" hits="0" branch="False" />
                <line number="12" hits="0" branch="False" />
                <line number="13" hits="0" branch="False" />
                <line number="14" hits="0" branch="False" />
                <line number="15" hits="0" branch="False" />
                <line number="16" hits="0" branch="False" />
              </lines>
            </method>
            <method name=".ctor" signature="(T)" line-rate="1" branch-rate="1" complexity="1">
              <lines>
                <line number="18" hits="78" branch="False" />
                <line number="19" hits="78" branch="False" />
                <line number="20" hits="78" branch="False" />
                <line number="21" hits="78" branch="False" />
                <line number="22" hits="78" branch="False" />
                <line number="23" hits="78" branch="False" />
              </lines>
            </method>
            <method name=".ctor" signature="(T,CustomLinkedListLib.ListNode`1&lt;T&gt;)" line-rate="0" branch-rate="1" complexity="1">
              <lines>
                <line number="25" hits="0" branch="False" />
                <line number="26" hits="0" branch="False" />
                <line number="27" hits="0" branch="False" />
                <line number="28" hits="0" branch="False" />
                <line number="29" hits="0" branch="False" />
                <line number="30" hits="0" branch="False" />
              </lines>
            </method>
          </methods>
          <lines>
            <line number="5" hits="177" branch="False" />
            <line number="7" hits="104" branch="False" />
            <line number="9" hits="156" branch="False" />
            <line number="33" hits="0" branch="False" />
            <line number="34" hits="0" branch="True" condition-coverage="0% (0/2)">
              <conditions>
                <condition number="19" type="jump" coverage="0%" />
              </conditions>
            </line>
            <line number="35" hits="0" branch="False" />
            <line number="11" hits="0" branch="False" />
            <line number="12" hits="0" branch="False" />
            <line number="13" hits="0" branch="False" />
            <line number="14" hits="0" branch="False" />
            <line number="15" hits="0" branch="False" />
            <line number="16" hits="0" branch="False" />
            <line number="18" hits="78" branch="False" />
            <line number="19" hits="78" branch="False" />
            <line number="20" hits="78" branch="False" />
            <line number="21" hits="78" branch="False" />
            <line number="22" hits="78" branch="False" />
            <line number="23" hits="78" branch="False" />
            <line number="25" hits="0" branch="False" />
            <line number="26" hits="0" branch="False" />
            <line number="27" hits="0" branch="False" />
            <line number="28" hits="0" branch="False" />
            <line number="29" hits="0" branch="False" />
            <line number="30" hits="0" branch="False" />
          </lines>
        </class>
      </classes>
    </package>
  </packages>
</coverage>